cycle 0
$00: 0x00000000
$01: 0x00000000
$02: 0x00000000
$03: 0x00000000
$04: 0x00000000
$05: 0x00000000
$06: 0x00000000
$07: 0x00000000
$08: 0x00000000
$09: 0x00000000
$10: 0x00000000
$11: 0x00000000
$12: 0x00000000
$13: 0x00000000
$14: 0x00000000
$15: 0x00000000
$16: 0x00000000
$17: 0x00000000
$18: 0x00000000
$19: 0x00000000
$20: 0x00000000
$21: 0x00000000
$22: 0x00000000
$23: 0x00000000
$24: 0x00000000
$25: 0x00000000
$26: 0x00000000
$27: 0x00000000
$28: 0x00000000
$29: 0x00000400
$30: 0x00000000
$31: 0x00000000
$HI: 0x00000000
$LO: 0x00000000
PC: 0x00000200
IF: 0x2410FFFF
ID: NOP
EX: NOP
DM: NOP
WB: NOP


cycle 1
PC: 0x00000204
IF: 0x2411FFFF
ID: ADDIU
EX: NOP
DM: NOP
WB: NOP


cycle 2
PC: 0x00000208
IF: 0x02110018
ID: ADDIU
EX: ADDIU
DM: NOP
WB: NOP


cycle 3
PC: 0x0000020C
IF: 0x00000010 to_be_stalled
ID: MULT to_be_stalled
EX: ADDIU
DM: ADDIU
WB: NOP


cycle 4
PC: 0x0000020C
IF: 0x00000010 to_be_stalled
ID: MULT to_be_stalled
EX: NOP
DM: ADDIU
WB: ADDIU


cycle 5
$16: 0xFFFFFFFF
PC: 0x0000020C
IF: 0x00000010
ID: MULT
EX: NOP
DM: NOP
WB: ADDIU


cycle 6
$17: 0xFFFFFFFF
PC: 0x00000210
IF: 0x00009012
ID: MFHI
EX: MULT
DM: NOP
WB: NOP


cycle 7
$LO: 0x00000001
PC: 0x00000214
IF: 0x02110019
ID: MFLO
EX: MFHI
DM: MULT
WB: NOP


cycle 8
PC: 0x00000218
IF: 0x2010FFFE
ID: MULTU
EX: MFLO
DM: MFHI
WB: MULT


cycle 9
PC: 0x0000021C
IF: 0x2011FFFE
ID: ADDI
EX: MULTU
DM: MFLO
WB: MFHI


cycle 10
PC: 0x00000220
IF: 0x02110018
ID: ADDI
EX: ADDI
DM: MULTU
WB: MFLO


cycle 11
$18: 0x00000001
PC: 0x00000224
IF: 0x02110019 to_be_stalled
ID: MULT to_be_stalled
EX: ADDI
DM: ADDI
WB: MULTU


cycle 12
PC: 0x00000224
IF: 0x02110019 to_be_stalled
ID: MULT to_be_stalled
EX: NOP
DM: ADDI
WB: ADDI


cycle 13
$16: 0xFFFFFFFE
PC: 0x00000224
IF: 0x02110019
ID: MULT
EX: NOP
DM: NOP
WB: ADDI


cycle 14
$17: 0xFFFFFFFE
PC: 0x00000228
IF: 0x00000012
ID: MULTU
EX: MULT
DM: NOP
WB: NOP


cycle 15
$LO: 0x00000004
PC: 0x0000022C
IF: 0x00009012
ID: MFLO
EX: MULTU
DM: MULT
WB: NOP


cycle 16
PC: 0x00000230
IF: 0xFFFFFFFF
ID: MFLO
EX: MFLO
DM: MULTU
WB: MULT


cycle 17
PC: 0x00000234
IF: 0xFFFFFFFF
ID: HALT
EX: MFLO
DM: MFLO
WB: MULTU


cycle 18
PC: 0x00000238
IF: 0xFFFFFFFF
ID: HALT
EX: HALT
DM: MFLO
WB: MFLO


cycle 19
PC: 0x0000023C
IF: 0xFFFFFFFF
ID: HALT
EX: HALT
DM: HALT
WB: MFLO


cycle 20
$18: 0x00000004
PC: 0x00000240
IF: 0xFFFFFFFF
ID: HALT
EX: HALT
DM: HALT
WB: HALT


